

Microchip MPLAB XC8 Assembler V2.36 build 20220127204148 
                                                                                               Tue May 24 13:30:51 2022

Microchip MPLAB XC8 C Compiler v2.36 (Free license) build 20220127204148 Og1 
     1                           	processor	16F84A
     2                           	pagewidth 120
     3                           	opt	flic
     4                           	psect	cinit,global,class=CODE,merge=1,delta=2
     5                           	psect	bssBANK0,global,class=BANK0,space=1,delta=1,noexec
     6                           	psect	cstackCOMMON,global,class=COMMON,space=1,delta=1,noexec
     7                           	psect	cstackBANK0,global,class=BANK0,space=1,delta=1,noexec
     8                           	psect	maintext,global,class=CODE,split=1,delta=2
     9                           	psect	idloc,global,abs,ovrld,class=IDLOC,space=5,delta=2,noexec
    10                           	psect	config,global,abs,ovrld,class=CONFIG,space=4,delta=2,noexec
    11                           	dabs	1,0x4E,2
    12  0000                     
    13                           ; Version 2.40
    14                           ; Generated 17/11/2021 GMT
    15                           ; 
    16                           ; Copyright © 2021, Microchip Technology Inc. and its subsidiaries ("Microchip")
    17                           ; All rights reserved.
    18                           ; 
    19                           ; This software is developed by Microchip Technology Inc. and its subsidiaries ("Microch
      +                          ip").
    20                           ; 
    21                           ; Redistribution and use in source and binary forms, with or without modification, are
    22                           ; permitted provided that the following conditions are met:
    23                           ; 
    24                           ;     1. Redistributions of source code must retain the above copyright notice, this lis
      +                          t of
    25                           ;        conditions and the following disclaimer.
    26                           ; 
    27                           ;     2. Redistributions in binary form must reproduce the above copyright notice, this 
      +                          list
    28                           ;        of conditions and the following disclaimer in the documentation and/or other
    29                           ;        materials provided with the distribution. Publication is not required when
    30                           ;        this file is used in an embedded application.
    31                           ; 
    32                           ;     3. Microchip's name may not be used to endorse or promote products derived from th
      +                          is
    33                           ;        software without specific prior written permission.
    34                           ; 
    35                           ; THIS SOFTWARE IS PROVIDED BY MICROCHIP "AS IS" AND ANY EXPRESS OR IMPLIED WARRANTIES,
    36                           ; INCLUDING, BUT NOT LIMITED TO, THE IMPLIED WARRANTIES OF MERCHANTABILITY AND FITNESS F
      +                          OR
    37                           ; PURPOSE ARE DISCLAIMED.  IN NO EVENT SHALL MICROCHIP BE LIABLE FOR ANY DIRECT, INDIREC
      +                          T,
    38                           ; INCIDENTAL, SPECIAL, EXEMPLARY, OR CONSEQUENTIAL DAMAGES (INCLUDING BUT NOT LIMITED TO
    39                           ; PROCUREMENT OF SUBSTITUTE GOODS OR SERVICES; LOSS OF USE, DATA OR PROFITS; OR BUSINESS
    40                           ; INTERRUPTION) HOWSOEVER CAUSED AND ON ANY THEORY OF LIABILITY, WHETHER IN CONTRACT, ST
      +                          RICT
    41                           ; LIABILITY, OR TORT (INCLUDING NEGLIGENCE OR OTHERWISE) ARISING IN ANY WAY OUT OF THE U
      +                          SE OF
    42                           ; THIS SOFTWARE, EVEN IF ADVISED OF THE POSSIBILITY OF SUCH DAMAGE.
    43                           ; 
    44                           ; 
    45                           ; Code-generator required, PIC16F84A Definitions
    46                           ; 
    47                           ; SFR Addresses
    48  0000                     	;# 
    49  0001                     	;# 
    50  0002                     	;# 
    51  0003                     	;# 
    52  0004                     	;# 
    53  0005                     	;# 
    54  0006                     	;# 
    55  0008                     	;# 
    56  0009                     	;# 
    57  000A                     	;# 
    58  000B                     	;# 
    59  0081                     	;# 
    60  0085                     	;# 
    61  0086                     	;# 
    62  0088                     	;# 
    63  0089                     	;# 
    64  0000                     	;# 
    65  0001                     	;# 
    66  0002                     	;# 
    67  0003                     	;# 
    68  0004                     	;# 
    69  0005                     	;# 
    70  0006                     	;# 
    71  0008                     	;# 
    72  0009                     	;# 
    73  000A                     	;# 
    74  000B                     	;# 
    75  0081                     	;# 
    76  0085                     	;# 
    77  0086                     	;# 
    78  0088                     	;# 
    79  0089                     	;# 
    80  0006                     _PORTB	set	6
    81  0001                     _TMR0	set	1
    82  0030                     _RB0	set	48
    83  0086                     _TRISB	set	134
    84  0081                     _OPTION_REG	set	129
    85                           
    86                           	psect	cinit
    87  03FB                     start_initialization:	
    88                           ; #config settings
    89                           
    90  03FB                     __initialization:
    91                           
    92                           ; Clear objects allocated to BANK0
    93  03FB  1283               	bcf	3,5	;RP0=0, select bank0
    94  03FC  018C               	clrf	__pbssBANK0& (0+127)
    95  03FD  018D               	clrf	(__pbssBANK0+1)& (0+127)
    96  03FE                     end_of_initialization:	
    97                           ;End of C runtime variable initialization code
    98                           
    99  03FE                     __end_of__initialization:
   100  03FE  0183               	clrf	3
   101  03FF  2BD7               	ljmp	_main	;jump to C main() function
   102                           
   103                           	psect	bssBANK0
   104  000C                     __pbssBANK0:
   105  000C                     _sayac:
   106  000C                     	ds	2
   107                           
   108                           	psect	cstackCOMMON
   109  0000                     __pcstackCOMMON:
   110  0000                     ??_main:
   111                           
   112                           	psect	cstackBANK0
   113  0000                     __pcstackBANK0:	
   114                           ; 1 bytes @ 0x0
   115                           
   116  0000                     ?_main:
   117                           
   118                           	psect	maintext
   119  03D7                     __pmaintext:	
   120                           ; 1 bytes @ 0x0
   121 ;;
   122 ;;Main: autosize = 0, tempsize = 0, incstack = 0, save=0
   123 ;;
   124 ;; *************** function _main *****************
   125 ;; Defined at:
   126 ;;		line 15 in file "main.c"
   127 ;; Parameters:    Size  Location     Type
   128 ;;		None
   129 ;; Auto vars:     Size  Location     Type
   130 ;;		None
   131 ;; Return value:  Size  Location     Type
   132 ;;                  1    wreg      void 
   133 ;; Registers used:
   134 ;;		wreg, status,2, status,0
   135 ;; Tracked objects:
   136 ;;		On entry : B00/0
   137 ;;		On exit  : 0/0
   138 ;;		Unchanged: 0/0
   139 ;; Data sizes:     COMMON   BANK0
   140 ;;      Params:         0       0
   141 ;;      Locals:         0       0
   142 ;;      Temps:          0       0
   143 ;;      Totals:         0       0
   144 ;;Total ram usage:        0 bytes
   145 ;; This function calls:
   146 ;;		Nothing
   147 ;; This function is called by:
   148 ;;		Startup code after reset
   149 ;; This function uses a non-reentrant model
   150 ;;
   151                           
   152  03D7                     _main:	
   153                           ;psect for function _main
   154                           
   155  03D7                     l630:	
   156                           ;incstack = 0
   157                           ; Regs used in _main: [wreg+status,2+status,0]
   158                           
   159                           
   160                           ;main.c: 17:         }
   161  03D7  3007               	movlw	7
   162  03D8  1683               	bsf	3,5	;RP0=1, select bank1
   163  03D9  0081               	movwf	1	;volatile
   164                           
   165                           ;main.c: 18: 
   166  03DA  30EC               	movlw	236
   167  03DB  1283               	bcf	3,5	;RP0=0, select bank0
   168  03DC  0081               	movwf	1	;volatile
   169  03DD                     l632:
   170                           
   171                           ;main.c: 19:         if(sayac == 200)
   172  03DD  1683               	bsf	3,5	;RP0=1, select bank1
   173  03DE  0186               	clrf	6	;volatile
   174  03DF                     l634:
   175                           
   176                           ;main.c: 20:         {
   177  03DF  1283               	bcf	3,5	;RP0=0, select bank0
   178  03E0  0186               	clrf	6	;volatile
   179  03E1                     l636:
   180                           
   181                           ;main.c: 23:         };main.c: 24:     }
   182  03E1  0801               	movf	1,w	;volatile
   183  03E2  1D03               	btfss	3,2
   184  03E3  2BE5               	goto	u31
   185  03E4  2BE6               	goto	u30
   186  03E5                     u31:
   187  03E5  2BEE               	goto	l640
   188  03E6                     u30:
   189  03E6                     l638:
   190                           
   191                           ;main.c: 25: }
   192  03E6  30EC               	movlw	236
   193  03E7  0081               	movwf	1	;volatile
   194  03E8  3001               	movlw	1
   195  03E9  078C               	addwf	_sayac,f
   196  03EA  1803               	skipnc
   197  03EB  0A8D               	incf	_sayac+1,f
   198  03EC  3000               	movlw	0
   199  03ED  078D               	addwf	_sayac+1,f
   200  03EE                     l640:
   201  03EE  30C8               	movlw	200
   202  03EF  060C               	xorwf	_sayac,w
   203  03F0  040D               	iorwf	_sayac+1,w
   204  03F1  1D03               	btfss	3,2
   205  03F2  2BF4               	goto	u41
   206  03F3  2BF5               	goto	u40
   207  03F4                     u41:
   208  03F4  2BE1               	goto	l636
   209  03F5                     u40:
   210  03F5                     l642:
   211  03F5  3001               	movlw	1
   212  03F6  0686               	xorwf	6,f
   213  03F7                     l644:
   214  03F7  018C               	clrf	_sayac
   215  03F8  018D               	clrf	_sayac+1
   216  03F9  2BE1               	goto	l636
   217  03FA  2800               	ljmp	start
   218  03FB                     __end_of_main:
   219  004E                     btemp	set	78	;btemp
   220  004E                     wtemp0	set	78
   221                           
   222                           	psect	idloc
   223                           
   224                           ;Config register IDLOC0 @ 0x2000
   225                           ;	unspecified, using default values
   226  2000                     	org	8192
   227  2000  3FFF               	dw	16383
   228                           
   229                           ;Config register IDLOC1 @ 0x2001
   230                           ;	unspecified, using default values
   231  2001                     	org	8193
   232  2001  3FFF               	dw	16383
   233                           
   234                           ;Config register IDLOC2 @ 0x2002
   235                           ;	unspecified, using default values
   236  2002                     	org	8194
   237  2002  3FFF               	dw	16383
   238                           
   239                           ;Config register IDLOC3 @ 0x2003
   240                           ;	unspecified, using default values
   241  2003                     	org	8195
   242  2003  3FFF               	dw	16383
   243                           
   244                           	psect	config
   245                           
   246                           ;Config register CONFIG @ 0x2007
   247                           ;	Oscillator Selection bits
   248                           ;	FOSC = XT, XT oscillator
   249                           ;	Watchdog Timer
   250                           ;	WDTE = OFF, WDT disabled
   251                           ;	Power-up Timer Enable bit
   252                           ;	PWRTE = OFF, Power-up Timer is disabled
   253                           ;	Code Protection bit
   254                           ;	CP = OFF, Code protection disabled
   255  2007                     	org	8199
   256  2007  3FF9               	dw	16377

Data Sizes:
    Strings     0
    Constant    0
    Data        0
    BSS         2
    Persistent  0
    Stack       0

Auto Spaces:
    Space          Size  Autos    Used
    COMMON            0      0       0
    BANK0            66      0       2

Pointer List with Targets:

    None.

Critical Paths under _main in COMMON

    None.

Critical Paths under _main in BANK0

    None.

Call Graph Tables:

 ---------------------------------------------------------------------------------
 (Depth) Function   	        Calls       Base Space   Used Autos Params    Refs
 ---------------------------------------------------------------------------------
 (0) _main                                                 0     0      0       0
 ---------------------------------------------------------------------------------
 Estimated maximum stack depth 0
 ---------------------------------------------------------------------------------

 Call Graph Graphs:

 _main (ROOT)

 Address spaces:
Name               Size   Autos  Total    Cost      Usage
BITCOMMON            0      0       0       0        0.0%
EEDATA              40      0       0       0        0.0%
NULL                 0      0       0       0        0.0%
CODE                 0      0       0       0        0.0%
BITSFR0              0      0       0       1        0.0%
SFR0                 0      0       0       1        0.0%
COMMON               0      0       0       1        0.0%
BITSFR1              0      0       0       2        0.0%
SFR1                 0      0       0       2        0.0%
STACK                0      0       0       2        0.0%
BANK0               42      0       2       3        3.0%
ABS                  0      0       2       4        0.0%
BITBANK0            42      0       0       5        0.0%
DATA                 0      0       2       6        0.0%


Microchip Technology PIC Macro Assembler V2.36 build 20220127204148 
Symbol Table                                                                                   Tue May 24 13:30:51 2022

                     u30 03E6                       u31 03E5                       u40 03F5  
                     u41 03F4                      l630 03D7                      l640 03EE  
                    l632 03DD                      l642 03F5                      l634 03DF  
                    l644 03F7                      l636 03E1                      l638 03E6  
                    _RB0 0030                     _TMR0 0001                     _main 03D7  
                   btemp 004E                     start 0000                    ?_main 0000  
                  _PORTB 0006                    _TRISB 0086                    _sayac 000C  
                  status 0003                    wtemp0 004E          __initialization 03FB  
           __end_of_main 03FB                   ??_main 0000  __end_of__initialization 03FE  
         __pcstackCOMMON 0000               __pbssBANK0 000C               __pmaintext 03D7  
   end_of_initialization 03FE      start_initialization 03FB                ___latbits 0000  
          __pcstackBANK0 0000               _OPTION_REG 0081  
